<?xml version="1.0" encoding="utf-8"?><testsuites name="pytest tests"><testsuite name="pytest" errors="0" failures="0" skipped="0" tests="21" time="19.555" timestamp="2026-04-28T22:40:46.421431+00:00" hostname="agent-env-587792d1-b451-4cf3-a8ac-a52a9b23c2a5"><testcase classname="backend.tests.test_ekipa_backend" name="test_root" time="0.250" /><testcase classname="backend.tests.test_ekipa_backend" name="test_login_invalid" time="0.057" /><testcase classname="backend.tests.test_ekipa_backend" name="test_me_with_cookie" time="0.410" /><testcase classname="backend.tests.test_ekipa_backend" name="test_me_without_cookie" time="0.124" /><testcase classname="backend.tests.test_ekipa_backend" name="test_news_list" time="0.059" /><testcase classname="backend.tests.test_ekipa_backend" name="test_players_list" time="0.052" /><testcase classname="backend.tests.test_ekipa_backend" name="test_matches_list" time="0.056" /><testcase classname="backend.tests.test_ekipa_backend" name="test_matches_filter_finished" time="0.053" /><testcase classname="backend.tests.test_ekipa_backend" name="test_matches_filter_scheduled" time="0.050" /><testcase classname="backend.tests.test_ekipa_backend" name="test_gallery_list" time="0.053" /><testcase classname="backend.tests.test_ekipa_backend" name="test_news_create_requires_auth" time="0.147" /><testcase classname="backend.tests.test_ekipa_backend" name="test_player_create_requires_auth" time="0.165" /><testcase classname="backend.tests.test_ekipa_backend" name="test_match_create_requires_auth" time="0.110" /><testcase classname="backend.tests.test_ekipa_backend" name="test_gallery_create_requires_auth" time="0.180" /><testcase classname="backend.tests.test_ekipa_backend" name="test_news_crud" time="0.174" /><testcase classname="backend.tests.test_ekipa_backend" name="test_player_crud" time="0.122" /><testcase classname="backend.tests.test_ekipa_backend" name="test_match_crud_and_patch" time="0.163" /><testcase classname="backend.tests.test_ekipa_backend" name="test_gallery_crud" time="0.106" /><testcase classname="backend.tests.test_ekipa_backend" name="test_logout" time="0.471" /><testcase classname="backend.tests.test_ekipa_backend" name="test_ai_chat" time="9.343" /><testcase classname="backend.tests.test_ekipa_backend" name="test_ai_match_summary" time="7.220" /></testsuite></testsuites>